<?xml version="1.0" encoding="UTF-8" ?>
<testsuite tests="1" failures="1" name="com.brian.mpesa.tx.B2CTest" time="0.762" errors="0" skipped="0">
  <properties>
    <property name="java.runtime.name" value="Java(TM) SE Runtime Environment"/>
    <property name="sun.boot.library.path" value="C:\Program Files\Java\jdk1.8.0_171\jre\bin"/>
    <property name="java.vm.version" value="25.171-b11"/>
    <property name="user.country.format" value="KE"/>
    <property name="java.vm.vendor" value="Oracle Corporation"/>
    <property name="java.vendor.url" value="http://java.oracle.com/"/>
    <property name="path.separator" value=";"/>
    <property name="guice.disable.misplaced.annotation.check" value="true"/>
    <property name="java.vm.name" value="Java HotSpot(TM) 64-Bit Server VM"/>
    <property name="file.encoding.pkg" value="sun.io"/>
    <property name="user.script" value=""/>
    <property name="user.country" value="US"/>
    <property name="sun.java.launcher" value="SUN_STANDARD"/>
    <property name="sun.os.patch.level" value=""/>
    <property name="test" value="com.brian.mpesa.tx.B2CTest"/>
    <property name="java.vm.specification.name" value="Java Virtual Machine Specification"/>
    <property name="user.dir" value="C:\Users\BADEMBA\Documents\NetBeansProjects\mavenproject1"/>
    <property name="java.runtime.version" value="1.8.0_171-b11"/>
    <property name="java.awt.graphicsenv" value="sun.awt.Win32GraphicsEnvironment"/>
    <property name="java.endorsed.dirs" value="C:\Program Files\Java\jdk1.8.0_171\jre\lib\endorsed"/>
    <property name="os.arch" value="amd64"/>
    <property name="java.io.tmpdir" value="C:\Users\BADEMBA\AppData\Local\Temp\"/>
    <property name="line.separator" value="
"/>
    <property name="java.vm.specification.vendor" value="Oracle Corporation"/>
    <property name="user.variant" value=""/>
    <property name="os.name" value="Windows 10"/>
    <property name="maven.ext.class.path" value="C:\Program Files\NetBeans 8.0.2\java\maven-nblib\netbeans-eventspy.jar"/>
    <property name="classworlds.conf" value="C:\Program Files\NetBeans 8.0.2\java\maven\bin\m2.conf"/>
    <property name="sun.jnu.encoding" value="Cp1252"/>
    <property name="java.library.path" value="C:\Program Files\Java\jdk1.8.0_171\bin;C:\Windows\Sun\Java\bin;C:\Windows\system32;C:\Windows;C:\tibco\tibrv\8.4\bin;C:\Program Files\Docker\Docker\Resources\bin;C:\Program Files (x86)\Common Files\Oracle\Java\javapath;C:\Windows\system32;C:\Windows;C:\Windows\System32\Wbem;C:\Windows\System32\WindowsPowerShell\v1.0\;C:\Program Files\PuTTY\;C:\Program Files\Java\jdk1.6.0_30\bin;C:\Program Files\apache-maven-3.5.3\bin;C:\Users\BADEMBA\Downloads\curl-7.59.0-win64-mingw\bin;C:\Program Files\PostgreSQL\10\bin;C:\Program Files\Git\cmd;C:\Program Files\nodejs\;C:\Program Files\nodejs\node_modules\npm\bin;C:\cygwin64\bin;c:\opt\mapr;C:\Program Files\MySQL\MySQL Utilities 1.6\;C:\Users\BADEMBA\Downloads\apache-ant-1.9.13\bin;C:\Program Files\MySQL\MySQL Server 5.7\bin;C:\ProgramData\TIBCO_HOME;C:\Program Files\DataStax-DDC\apache-cassandra\bin;C:\Users\BADEMBA\AppData\Local\Programs\Python\Python37\Scripts\;C:\Users\BADEMBA\AppData\Local\Programs\Python\Python37\;C:\Users\BADEMBA\AppData\Local\Microsoft\WindowsApps;C:\Users\BADEMBA\AppData\Roaming\npm;C:\Program Files\DataStax-DDC\apache-cassandra\bin;C:\Users\BADEMBA\AppData\Local\atom\bin;C:\Users\BADEMBA\AppData\Local\Programs\Microsoft VS Code\bin;C:\Users\BADEMBA\Downloads\Kafka\kafka_2.12-2.2.1\bin\windows;;."/>
    <property name="java.specification.name" value="Java Platform API Specification"/>
    <property name="java.class.version" value="52.0"/>
    <property name="sun.management.compiler" value="HotSpot 64-Bit Tiered Compilers"/>
    <property name="os.version" value="10.0"/>
    <property name="user.home" value="C:\Users\BADEMBA"/>
    <property name="user.timezone" value="Africa/Nairobi"/>
    <property name="java.awt.printerjob" value="sun.awt.windows.WPrinterJob"/>
    <property name="java.specification.version" value="1.8"/>
    <property name="file.encoding" value="UTF-8"/>
    <property name="java.net.useSystemProxies" value="true"/>
    <property name="user.name" value="BADEMBA"/>
    <property name="java.class.path" value="C:\Program Files\NetBeans 8.0.2\java\maven\boot\plexus-classworlds-2.4.jar"/>
    <property name="java.vm.specification.version" value="1.8"/>
    <property name="sun.arch.data.model" value="64"/>
    <property name="java.home" value="C:\Program Files\Java\jdk1.8.0_171\jre"/>
    <property name="sun.java.command" value="org.codehaus.plexus.classworlds.launcher.Launcher -Dtest=com.brian.mpesa.tx.B2CTest -Dmaven.ext.class.path=C:\Program Files\NetBeans 8.0.2\java\maven-nblib\netbeans-eventspy.jar -Dfile.encoding=UTF-8 -Djava.net.useSystemProxies=true surefire:test"/>
    <property name="java.specification.vendor" value="Oracle Corporation"/>
    <property name="user.language" value="en"/>
    <property name="awt.toolkit" value="sun.awt.windows.WToolkit"/>
    <property name="java.vm.info" value="mixed mode"/>
    <property name="java.version" value="1.8.0_171"/>
    <property name="java.ext.dirs" value="C:\Program Files\Java\jdk1.8.0_171\jre\lib\ext;C:\Windows\Sun\Java\lib\ext"/>
    <property name="sun.boot.class.path" value="C:\Program Files\Java\jdk1.8.0_171\jre\lib\resources.jar;C:\Program Files\Java\jdk1.8.0_171\jre\lib\rt.jar;C:\Program Files\Java\jdk1.8.0_171\jre\lib\sunrsasign.jar;C:\Program Files\Java\jdk1.8.0_171\jre\lib\jsse.jar;C:\Program Files\Java\jdk1.8.0_171\jre\lib\jce.jar;C:\Program Files\Java\jdk1.8.0_171\jre\lib\charsets.jar;C:\Program Files\Java\jdk1.8.0_171\jre\lib\jfr.jar;C:\Program Files\Java\jdk1.8.0_171\jre\classes"/>
    <property name="java.vendor" value="Oracle Corporation"/>
    <property name="maven.home" value="C:\Program Files\NetBeans 8.0.2\java\maven"/>
    <property name="file.separator" value="\"/>
    <property name="java.vendor.url.bug" value="http://bugreport.sun.com/bugreport/"/>
    <property name="sun.cpu.endian" value="little"/>
    <property name="sun.io.unicode.encoding" value="UnicodeLittle"/>
    <property name="sun.desktop" value="windows"/>
    <property name="sun.cpu.isalist" value="amd64"/>
  </properties>
  <testcase classname="com.brian.mpesa.tx.B2CTest" name="testB2CAInitiator" time="0.647">
    <failure message="expected:&lt;null&gt; but was:&lt;[com.brian.mpesa.tx.B2CUtils@3b938003]&gt;" type="java.lang.AssertionError">java.lang.AssertionError: expected:&lt;null&gt; but was:&lt;[com.brian.mpesa.tx.B2CUtils@3b938003]&gt;
	at org.junit.Assert.fail(Assert.java:93)
	at org.junit.Assert.failNotEquals(Assert.java:647)
	at org.junit.Assert.assertEquals(Assert.java:128)
	at org.junit.Assert.assertEquals(Assert.java:147)
	at com.brian.mpesa.tx.B2CTest.testB2CAInitiator(B2CTest.java:50)
	at sun.reflect.NativeMethodAccessorImpl.invoke0(Native Method)
	at sun.reflect.NativeMethodAccessorImpl.invoke(NativeMethodAccessorImpl.java:62)
	at sun.reflect.DelegatingMethodAccessorImpl.invoke(DelegatingMethodAccessorImpl.java:43)
	at java.lang.reflect.Method.invoke(Method.java:498)
	at org.junit.runners.model.FrameworkMethod$1.runReflectiveCall(FrameworkMethod.java:45)
	at org.junit.internal.runners.model.ReflectiveCallable.run(ReflectiveCallable.java:15)
	at org.junit.runners.model.FrameworkMethod.invokeExplosively(FrameworkMethod.java:42)
	at org.junit.internal.runners.statements.InvokeMethod.evaluate(InvokeMethod.java:20)
	at org.junit.internal.runners.statements.RunBefores.evaluate(RunBefores.java:28)
	at org.junit.internal.runners.statements.RunAfters.evaluate(RunAfters.java:30)
	at org.junit.runners.ParentRunner.runLeaf(ParentRunner.java:263)
	at org.junit.runners.BlockJUnit4ClassRunner.runChild(BlockJUnit4ClassRunner.java:68)
	at org.junit.runners.BlockJUnit4ClassRunner.runChild(BlockJUnit4ClassRunner.java:47)
	at org.junit.runners.ParentRunner$3.run(ParentRunner.java:231)
	at org.junit.runners.ParentRunner$1.schedule(ParentRunner.java:60)
	at org.junit.runners.ParentRunner.runChildren(ParentRunner.java:229)
	at org.junit.runners.ParentRunner.access$000(ParentRunner.java:50)
	at org.junit.runners.ParentRunner$2.evaluate(ParentRunner.java:222)
	at org.junit.internal.runners.statements.RunBefores.evaluate(RunBefores.java:28)
	at org.junit.internal.runners.statements.RunAfters.evaluate(RunAfters.java:30)
	at org.junit.runners.ParentRunner.run(ParentRunner.java:300)
	at org.apache.maven.surefire.junit4.JUnit4TestSet.execute(JUnit4TestSet.java:53)
	at org.apache.maven.surefire.junit4.JUnit4Provider.executeTestSet(JUnit4Provider.java:123)
	at org.apache.maven.surefire.junit4.JUnit4Provider.invoke(JUnit4Provider.java:104)
	at sun.reflect.NativeMethodAccessorImpl.invoke0(Native Method)
	at sun.reflect.NativeMethodAccessorImpl.invoke(NativeMethodAccessorImpl.java:62)
	at sun.reflect.DelegatingMethodAccessorImpl.invoke(DelegatingMethodAccessorImpl.java:43)
	at java.lang.reflect.Method.invoke(Method.java:498)
	at org.apache.maven.surefire.util.ReflectionUtils.invokeMethodWithArray(ReflectionUtils.java:164)
	at org.apache.maven.surefire.booter.ProviderFactory$ProviderProxy.invoke(ProviderFactory.java:110)
	at org.apache.maven.surefire.booter.SurefireStarter.invokeProvider(SurefireStarter.java:175)
	at org.apache.maven.surefire.booter.SurefireStarter.runSuitesInProcessWhenForked(SurefireStarter.java:107)
	at org.apache.maven.surefire.booter.ForkedBooter.main(ForkedBooter.java:68)
</failure>
    <system-out>B2CAInitiator
{
  &quot;InitiatorName&quot; : &quot;testapi&quot;,
  &quot;SecurityCredential&quot; : &quot;lqGJfbphCIjIxzs+Pf2fOd4dAQhRWz+t8s1D/u+UFT5g0Jr2ROhbouJHFBUllYlKhDWn96ddrTSq9x/1y2qZCbgE09fB26285u/QSXpDLicgo4LM8KFrAADX9mXXTRloyqXb6Pf+zpQRQTit7jfvWdjzr8stw2DJgsN4ziHKBULtfdJ+dSUiyXkddDsPRHfx+C9E+6DqqjPJVD2jvIXe0qHC5MZjMyLiq1CwikC2ms7Pz3J3uwxylz7fXeTpRtsZ1Eh7If3OxZYVIxMnjf4w5Tb9fxtNtD+A648qI0NwpUlKdLCuVu1QSq5jrkS1cRaz5HpP2DaK5pw11F7Pmdgk3Q==&quot;,
  &quot;CommandID&quot; : &quot;BusinessPayment&quot;,
  &quot;Amount&quot; : 100,
  &quot;PartyA&quot; : &quot;600542&quot;,
  &quot;PartyB&quot; : &quot;254711959143&quot;,
  &quot;Remarks&quot; : &quot;MMKamunge&quot;,
  &quot;QueueTimeOutURL&quot; : &quot;http://172.29.65.63:8310/b2c/result&quot;,
  &quot;ResultURL&quot; : &quot;http://172.29.58.191:8310/b2c/result&quot;,
  &quot;Occassion&quot; : &quot;Disbursement&quot;,
  &quot;initiatorName&quot; : &quot;testapi&quot;,
  &quot;commandID&quot; : &quot;BusinessPayment&quot;,
  &quot;amount&quot; : 100,
  &quot;partyA&quot; : &quot;600542&quot;,
  &quot;partyB&quot; : &quot;254711959143&quot;,
  &quot;remarks&quot; : &quot;MMKamunge&quot;,
  &quot;occassion&quot; : &quot;Disbursement&quot;,
  &quot;resultURL&quot; : &quot;http://172.29.58.191:8310/b2c/result&quot;,
  &quot;queueTimeOutURL&quot; : &quot;http://172.29.65.63:8310/b2c/result&quot;,
  &quot;securityCredential&quot; : &quot;lqGJfbphCIjIxzs+Pf2fOd4dAQhRWz+t8s1D/u+UFT5g0Jr2ROhbouJHFBUllYlKhDWn96ddrTSq9x/1y2qZCbgE09fB26285u/QSXpDLicgo4LM8KFrAADX9mXXTRloyqXb6Pf+zpQRQTit7jfvWdjzr8stw2DJgsN4ziHKBULtfdJ+dSUiyXkddDsPRHfx+C9E+6DqqjPJVD2jvIXe0qHC5MZjMyLiq1CwikC2ms7Pz3J3uwxylz7fXeTpRtsZ1Eh7If3OxZYVIxMnjf4w5Tb9fxtNtD+A648qI0NwpUlKdLCuVu1QSq5jrkS1cRaz5HpP2DaK5pw11F7Pmdgk3Q==&quot;
}</system-out>
    <system-err>Loading class `com.mysql.jdbc.Driver&apos;. This is deprecated. The new driver class is `com.mysql.cj.jdbc.Driver&apos;. The driver is automatically registered via the SPI and manual loading of the driver class is generally unnecessary.
Mon Aug 05 21:17:53 EAT 2019 WARN: Establishing SSL connection without server&apos;s identity verification is not recommended. According to MySQL 5.5.45+, 5.6.26+ and 5.7.6+ requirements SSL connection must be established by default if explicit option isn&apos;t set. For compliance with existing applications not using SSL the verifyServerCertificate property is set to &apos;false&apos;. You need either to explicitly disable SSL by setting useSSL=false, or set useSSL=true and provide truststore for server certificate verification.
</system-err>
  </testcase>
</testsuite>